
21.05.2018 7:48:17  Выбран карты с такими ID: 1 2 4 3 5 6 8 7 10 9 11 12 14 13 16 
21.05.2018 7:48:18  Пользователь подключается к серверу
21.05.2018 7:48:18  К серверу удалось подключиться. Создана форма ожидания противника
21.05.2018 7:48:48  Начало игры. Мой ник Ilya
21.05.2018 7:48:48  Карты игрока отправлены серверу
21.05.2018 7:48:48  Серверу отправлено ник игрока
21.05.2018 7:48:48  Началась подготовка к началу игры. Ник противника map82_top
21.05.2018 7:48:48  Создается форма игрового поля
21.05.2018 7:48:48  Игроку в руки добавлена карта с id: 10
21.05.2018 7:48:48  Противнику добавлена новая карта в руки
21.05.2018 7:48:49  Игроку в руки добавлена карта с id: 3
21.05.2018 7:48:49  Противнику добавлена новая карта в руки
21.05.2018 7:48:49  Игроку в руки добавлена карта с id: 11
21.05.2018 7:48:49  Противнику добавлена новая карта в руки
21.05.2018 7:48:49  Игроку в руки добавлена карта с id: 14
21.05.2018 7:48:49  Противнику добавлена новая карта в руки
21.05.2018 7:48:49  Игроку в руки добавлена карта с id: 5
21.05.2018 7:48:49  Противнику добавлена новая карта в руки
21.05.2018 7:48:49  Игроку в руки добавлена карта с id: 1
21.05.2018 7:48:49  Противнику добавлена новая карта в руки
21.05.2018 7:48:49  Игроку в руки добавлена карта с id: 9
21.05.2018 7:48:49  У игрока максимальное количество энегрии на этом ходу равно 1
21.05.2018 7:48:49  Текущее количство энергии у игрока равно1
21.05.2018 7:48:49  У противника максимальное количество энергии установлено до: 1
21.05.2018 7:48:49  У противника текущее количество энергии равно: 1
21.05.2018 7:48:49  Начался ход игрока
21.05.2018 7:50:18  У игрока максимальное количество энегрии на этом ходу равно 2
21.05.2018 7:50:18  Текущее количство энергии у игрока равно2
21.05.2018 7:50:18  Противнику добавлена новая карта в руки
21.05.2018 7:50:18  Начался ход противника
21.05.2018 7:50:29  У противника текущее количество энергии равно: 0
21.05.2018 7:50:29  Противник использовал восстанавливающие событие
21.05.2018 7:50:29  Противник добавил прочности штабу Урон картой -1
21.05.2018 7:50:29  Прочность до восстановления 28
21.05.2018 7:50:29  Прочность после восстановления 29
21.05.2018 7:50:32  Сервер ответил, что противник атаковал
21.05.2018 7:50:32  Штаб атаковал штаб. Урон по врагу 2 Урон от врага 2
21.05.2018 7:50:32  Прочность атакуещего 29 и обороняющегося 28 до атаки
21.05.2018 7:50:32  Прочность атакуещего 27 и обороняющегося 26 после атаки
21.05.2018 7:50:32  Карт на игровом атакующего 0 обороняющегося 0
21.05.2018 7:50:33  Карт на игровом поле игрока 0 противника 0 после атаки на уровне интерфейса
21.05.2018 7:50:33  У противника максимальное количество энергии установлено до: 2
21.05.2018 7:50:33  У противника текущее количество энергии равно: 2
21.05.2018 7:50:33  Игроку в руки добавлена карта с id: 3
21.05.2018 7:50:33  Начался ход игрока
21.05.2018 7:50:35  Игрок добавляет карту на игровое поле c номером7
21.05.2018 7:50:35  Отправлен запрос на добавление на игровое поле карты
21.05.2018 7:50:35  Текущее количство энергии у игрока равно0
21.05.2018 7:50:35  Игроку добавлена карта B1 находящаяся у него в руке с номером 6 и id 9 
21.05.2018 7:50:35  Карт на игровом поле игрока после добавления карты 2
21.05.2018 7:50:35  Карт на игровом поле после добавления карты 1 на уровне интерфейса
21.05.2018 7:50:36  Отправлен запрос на атаку картой 2 карты противника 0
21.05.2018 7:50:36  Сервер ответил, что пользователь атаковал
21.05.2018 7:50:36  Карта игрока атакует штаб. Урон по карте врага 1 Урон от врага по карте игрока B1 с номером 1  2
21.05.2018 7:50:36  Прочность атакуещего 1 и обороняющегося 27 до атаки
21.05.2018 7:50:36  Прочность атакуещего -1 и обороняющегося 26 после атаки
21.05.2018 7:50:36  Карта B1 удалена
21.05.2018 7:50:36  Карт на игровом атакующего 1 обороняющегося 0
21.05.2018 7:50:36  Карт на игровом поле игрока 1 противника 0 после атаки на уровне интерфейса
21.05.2018 7:50:38  Отправлен запрос на атаку картой 1 карты противника 0
21.05.2018 7:50:38  Сервер ответил, что пользователь атаковал
21.05.2018 7:50:38  Карта игрока атакует штаб. Урон по карте врага 1 Урон от врага по карте игрока B1 с номером 0  0
21.05.2018 7:50:38  Прочность атакуещего 1 и обороняющегося 26 до атаки
21.05.2018 7:50:38  Прочность атакуещего 1 и обороняющегося 25 после атаки
21.05.2018 7:50:38  Карт на игровом атакующего 1 обороняющегося 0
21.05.2018 7:50:38  Карт на игровом поле игрока 1 противника 0 после атаки на уровне интерфейса
21.05.2018 7:50:40  Отправлен запрос на атаку картой пользователя
21.05.2018 7:50:40  Сервер ответил, что пользователь атаковал
21.05.2018 7:50:40  Штаб атаковал штаб. Урон по врагу 2 Урон от врага 0
21.05.2018 7:50:40  Прочность атакуещего 26 и обороняющегося 25 до атаки
21.05.2018 7:50:40  Прочность атакуещего 26 и обороняющегося 23 после атаки
21.05.2018 7:50:40  Карт на игровом атакующего 1 обороняющегося 0
21.05.2018 7:50:40  Карт на игровом поле игрока 1 противника 0 после атаки на уровне интерфейса
21.05.2018 7:50:42  У игрока максимальное количество энегрии на этом ходу равно 3
21.05.2018 7:50:42  Текущее количство энергии у игрока равно3
21.05.2018 7:50:42  Противнику добавлена новая карта в руки
21.05.2018 7:50:42  Начался ход противника
21.05.2018 7:50:49  Сервер ответил, что противник атаковал
21.05.2018 7:50:49  Штаб атаковал карту противника. Урон по карте врага B1 с номером 0 2 Урон от врага 1
21.05.2018 7:50:49  Прочность атакуещего 23 и обороняющегося 1 до атаки
21.05.2018 7:50:49  Прочность атакуещего 22 и обороняющегося -1 после атаки
21.05.2018 7:50:49  Карта B1 удалена
21.05.2018 7:50:49  Карт на игровом атакующего 0 обороняющегося 0
21.05.2018 7:50:50  Карт на игровом поле игрока 0 противника 0 после атаки на уровне интерфейса
21.05.2018 7:50:51  У противника максимальное количество энергии установлено до: 3
21.05.2018 7:50:51  У противника текущее количество энергии равно: 3
21.05.2018 7:50:51  Игроку в руки добавлена карта с id: 9
21.05.2018 7:50:51  Начался ход игрока
21.05.2018 7:50:55  Игрок добавляет карту на игровое поле c номером8
21.05.2018 7:50:58  Пользователь отпустил событие c номером 5 одиночго урона и атакует карту с номером 0
21.05.2018 7:50:58  Отправлено серверу
21.05.2018 7:50:58  Текущее количство энергии у игрока равно0
21.05.2018 7:50:58  Сервер ответил, что пользователь использовал карту одиночного нанесения урона c номером в руке 4
21.05.2018 7:50:58  Игрок атаковал штаб Урон картой 3
21.05.2018 7:50:58  Прочность до атаки 22
21.05.2018 7:50:58  Прочность после атаки 19
21.05.2018 7:50:58  Карт на игровом поле противника 0
21.05.2018 7:50:58  Карт на игровом поле противника 0 после атаки собыитем одиночного урона на уровне интерфейса
21.05.2018 7:51:00  Отправлен запрос на атаку картой пользователя
21.05.2018 7:51:00  Сервер ответил, что пользователь атаковал
21.05.2018 7:51:00  Штаб атаковал штаб. Урон по врагу 2 Урон от врага 2
21.05.2018 7:51:00  Прочность атакуещего 26 и обороняющегося 19 до атаки
21.05.2018 7:51:00  Прочность атакуещего 24 и обороняющегося 17 после атаки
21.05.2018 7:51:00  Карт на игровом атакующего 0 обороняющегося 0
21.05.2018 7:51:00  Карт на игровом поле игрока 0 противника 0 после атаки на уровне интерфейса
21.05.2018 7:51:03  У игрока максимальное количество энегрии на этом ходу равно 4
21.05.2018 7:51:03  Текущее количство энергии у игрока равно4
21.05.2018 7:51:03  Противнику добавлена новая карта в руки
21.05.2018 7:51:03  Начался ход противника
21.05.2018 7:51:16  У противника текущее количество энергии равно: 0
21.05.2018 7:51:16  Противник использовал восстанавливающие событие
21.05.2018 7:51:16  Противник добавил прочности штабу Урон картой -6
21.05.2018 7:51:16  Прочность до восстановления 17
21.05.2018 7:51:16  Прочность после восстановления 23
21.05.2018 7:51:19  Сервер ответил, что противник атаковал
21.05.2018 7:51:19  Штаб атаковал штаб. Урон по врагу 2 Урон от врага 2
21.05.2018 7:51:19  Прочность атакуещего 23 и обороняющегося 24 до атаки
21.05.2018 7:51:19  Прочность атакуещего 21 и обороняющегося 22 после атаки
21.05.2018 7:51:19  Карт на игровом атакующего 0 обороняющегося 0
21.05.2018 7:51:20  Карт на игровом поле игрока 0 противника 0 после атаки на уровне интерфейса
21.05.2018 7:51:20  У противника максимальное количество энергии установлено до: 4
21.05.2018 7:51:20  У противника текущее количество энергии равно: 4
21.05.2018 7:51:20  Игроку в руки добавлена карта с id: 14
21.05.2018 7:51:20  Начался ход игрока
21.05.2018 7:51:31  Игрок добавляет карту на игровое поле c номером7
21.05.2018 7:51:31  Отправлен запрос на добавление на игровое поле карты
21.05.2018 7:51:31  Текущее количство энергии у игрока равно2
21.05.2018 7:51:31  Игроку добавлена карта B1 находящаяся у него в руке с номером 6 и id 9 
21.05.2018 7:51:31  Карт на игровом поле игрока после добавления карты 2
21.05.2018 7:51:31  Карт на игровом поле после добавления карты 1 на уровне интерфейса
21.05.2018 7:51:33  Игрок добавляет карту на игровое поле c номером5
21.05.2018 7:51:33  Отправлен запрос на добавление на игровое поле карты
21.05.2018 7:51:33  Текущее количство энергии у игрока равно0
21.05.2018 7:51:33  Игроку добавлена карта Рекрут находящаяся у него в руке с номером 4 и id 1 
21.05.2018 7:51:33  Карт на игровом поле игрока после добавления карты 3
21.05.2018 7:51:33  Карт на игровом поле после добавления карты 3 на уровне интерфейса
21.05.2018 7:51:34  Отправлен запрос на атаку картой 2 карты противника 0
21.05.2018 7:51:34  Сервер ответил, что пользователь атаковал
21.05.2018 7:51:34  Карта игрока атакует штаб. Урон по карте врага 1 Урон от врага по карте игрока B1 с номером 1  2
21.05.2018 7:51:34  Прочность атакуещего 1 и обороняющегося 21 до атаки
21.05.2018 7:51:34  Прочность атакуещего -1 и обороняющегося 20 после атаки
21.05.2018 7:51:34  Карта B1 удалена
21.05.2018 7:51:34  Карт на игровом атакующего 2 обороняющегося 0
21.05.2018 7:51:34  Карт на игровом поле игрока 2 противника 0 после атаки на уровне интерфейса
21.05.2018 7:51:36  Отправлен запрос на атаку картой 1 карты противника 0
21.05.2018 7:51:36  Сервер ответил, что пользователь атаковал
21.05.2018 7:51:36  Карта игрока атакует штаб. Урон по карте врага 1 Урон от врага по карте игрока B1 с номером 0  0
21.05.2018 7:51:36  Прочность атакуещего 1 и обороняющегося 20 до атаки
21.05.2018 7:51:36  Прочность атакуещего 1 и обороняющегося 19 после атаки
21.05.2018 7:51:36  Карт на игровом атакующего 2 обороняющегося 0
21.05.2018 7:51:36  Карт на игровом поле игрока 2 противника 0 после атаки на уровне интерфейса
21.05.2018 7:51:38  Отправлен запрос на атаку картой 2 карты противника 0
21.05.2018 7:51:38  Сервер ответил, что пользователь атаковал
21.05.2018 7:51:38  Карта игрока атакует штаб. Урон по карте врага 2 Урон от врага по карте игрока Рекрут с номером 1  0
21.05.2018 7:51:38  Прочность атакуещего 5 и обороняющегося 19 до атаки
21.05.2018 7:51:38  Прочность атакуещего 5 и обороняющегося 17 после атаки
21.05.2018 7:51:38  Карт на игровом атакующего 2 обороняющегося 0
21.05.2018 7:51:38  Карт на игровом поле игрока 2 противника 0 после атаки на уровне интерфейса
21.05.2018 7:51:40  Отправлен запрос на атаку картой пользователя
21.05.2018 7:51:40  Сервер ответил, что пользователь атаковал
21.05.2018 7:51:40  Штаб атаковал штаб. Урон по врагу 2 Урон от врага 0
21.05.2018 7:51:40  Прочность атакуещего 22 и обороняющегося 17 до атаки
21.05.2018 7:51:40  Прочность атакуещего 22 и обороняющегося 15 после атаки
21.05.2018 7:51:40  Карт на игровом атакующего 2 обороняющегося 0
21.05.2018 7:51:40  Карт на игровом поле игрока 2 противника 0 после атаки на уровне интерфейса
21.05.2018 7:51:41  У игрока максимальное количество энегрии на этом ходу равно 5
21.05.2018 7:51:41  Текущее количство энергии у игрока равно5
21.05.2018 7:51:41  Противнику добавлена новая карта в руки
21.05.2018 7:51:41  Начался ход противника
21.05.2018 7:51:47  У противника текущее количество энергии равно: 4
21.05.2018 7:51:47  Сервер ответил, что противник использовал карту одиночного нанесения урона
21.05.2018 7:51:47  Противник атаковал карту игрока на игровом поле Урон картой 1 событием Номер карты B1 0
21.05.2018 7:51:47  Прочность до атаки 1
21.05.2018 7:51:47  Прочность после атаки 0
21.05.2018 7:51:47  Карта B1 удалена
21.05.2018 7:51:47  Карт на игровом поле игрока 1
21.05.2018 7:51:49  Карт на игровом поле игрока 1 после атаки собыитем одиночного урона на уровне интерфейса
21.05.2018 7:51:58  У противника текущее количество энергии равно: 5
21.05.2018 7:51:58  Сервер ответил, что противник использовал событие массвого урона c уроном 1
21.05.2018 7:51:58  Очки прочности у атакуемой карты 0 Рекрут до атаки 5
21.05.2018 7:51:58  Очки прочности у атакуемой карты 0 после атаки 4
21.05.2018 7:51:58  Карт на игровом поле игрока 1
21.05.2018 7:51:59  Карт на игровом поле противника 1 после массовой атаки на уровне интерфейса
21.05.2018 7:52:01  У противника максимальное количество энергии установлено до: 5
21.05.2018 7:52:01  У противника текущее количество энергии равно: 5
21.05.2018 7:52:01  Игроку в руки добавлена карта с id: 13
21.05.2018 7:52:01  Начался ход игрока
21.05.2018 7:52:08  Игрок добавляет карту на игровое поле c номером2
21.05.2018 7:52:08  Отправлен запрос на добавление на игровое поле карты
21.05.2018 7:52:08  Текущее количство энергии у игрока равно1
21.05.2018 7:52:08  Игроку добавлена карта Ветеран находящаяся у него в руке с номером 1 и id 3 
21.05.2018 7:52:08  Карт на игровом поле игрока после добавления карты 2
21.05.2018 7:52:08  Карт на игровом поле после добавления карты 2 на уровне интерфейса
21.05.2018 7:52:11  Отправлен запрос на атаку картой 2 карты противника 0
21.05.2018 7:52:11  Сервер ответил, что пользователь атаковал
21.05.2018 7:52:11  Карта игрока атакует штаб. Урон по карте врага 2 Урон от врага по карте игрока Ветеран с номером 1  2
21.05.2018 7:52:11  Прочность атакуещего 5 и обороняющегося 15 до атаки
21.05.2018 7:52:11  Прочность атакуещего 3 и обороняющегося 13 после атаки
21.05.2018 7:52:11  Карт на игровом атакующего 2 обороняющегося 0
21.05.2018 7:52:11  Карт на игровом поле игрока 2 противника 0 после атаки на уровне интерфейса
21.05.2018 7:52:13  Отправлен запрос на атаку картой 1 карты противника 0
21.05.2018 7:52:13  Сервер ответил, что пользователь атаковал
21.05.2018 7:52:13  Карта игрока атакует штаб. Урон по карте врага 3 Урон от врага по карте игрока Рекрут с номером 0  0
21.05.2018 7:52:13  Прочность атакуещего 4 и обороняющегося 13 до атаки
21.05.2018 7:52:13  Прочность атакуещего 4 и обороняющегося 10 после атаки
21.05.2018 7:52:13  Карт на игровом атакующего 2 обороняющегося 0
21.05.2018 7:52:13  Карт на игровом поле игрока 2 противника 0 после атаки на уровне интерфейса
21.05.2018 7:52:15  Отправлен запрос на атаку картой пользователя
21.05.2018 7:52:15  Сервер ответил, что пользователь атаковал
21.05.2018 7:52:15  Штаб атаковал штаб. Урон по врагу 2 Урон от врага 0
21.05.2018 7:52:15  Прочность атакуещего 22 и обороняющегося 10 до атаки
21.05.2018 7:52:15  Прочность атакуещего 22 и обороняющегося 8 после атаки
21.05.2018 7:52:15  Карт на игровом атакующего 2 обороняющегося 0
21.05.2018 7:52:15  Карт на игровом поле игрока 2 противника 0 после атаки на уровне интерфейса
21.05.2018 7:52:17  У игрока максимальное количество энегрии на этом ходу равно 6
21.05.2018 7:52:17  Текущее количство энергии у игрока равно6
21.05.2018 7:52:17  Противнику добавлена новая карта в руки
21.05.2018 7:52:17  Начался ход противника
21.05.2018 7:52:25  У противника текущее количество энергии равно: 0
21.05.2018 7:52:25  Противнику добавлена карта Боксер находящаяся у него в руке с id 10 
21.05.2018 7:52:25  Карт на игровом поле противника после добавления карты 1
21.05.2018 7:52:30  Сервер ответил, что противник атаковал
21.05.2018 7:52:30  Карта игрока атакует карту противника. Урон по карте врага Ветеран с номером 1 2 Урон от врага по карте игрока Боксер с номером 0  2
21.05.2018 7:52:30  Прочность атакуещего 6 и обороняющегося 3 до атаки
21.05.2018 7:52:30  Прочность атакуещего 4 и обороняющегося 1 после атаки
21.05.2018 7:52:30  Карт на игровом атакующего 1 обороняющегося 2
21.05.2018 7:52:31  Карт на игровом поле игрока 2 противника 1 после атаки на уровне интерфейса
21.05.2018 7:52:32  Сервер ответил, что противник атаковал
21.05.2018 7:52:32  Штаб атаковал карту противника. Урон по карте врага Ветеран с номером 1 2 Урон от врага 0
21.05.2018 7:52:32  Прочность атакуещего 8 и обороняющегося 1 до атаки
21.05.2018 7:52:32  Прочность атакуещего 8 и обороняющегося -1 после атаки
21.05.2018 7:52:32  Уменьшен бонус для всех карт после удаленя карты Ветеран
21.05.2018 7:52:32  Карта Ветеран удалена
21.05.2018 7:52:32  Карт на игровом атакующего 1 обороняющегося 1
21.05.2018 7:52:33  Карт на игровом поле игрока 1 противника 1 после атаки на уровне интерфейса
21.05.2018 7:52:36  У противника максимальное количество энергии установлено до: 6
21.05.2018 7:52:36  У противника текущее количество энергии равно: 6
21.05.2018 7:52:36  Игроку в руки добавлена карта с id: 2
21.05.2018 7:52:36  Начался ход игрока
21.05.2018 7:52:41  Игрок добавляет карту на игровое поле c номером7
21.05.2018 7:52:41  Отправлен запрос на добавление на игровое поле карты
21.05.2018 7:52:42  Текущее количство энергии у игрока равно3
21.05.2018 7:52:42  Игроку добавлена карта Дуэлянт находящаяся у него в руке с номером 6 и id 2 
21.05.2018 7:52:42  Карт на игровом поле игрока после добавления карты 2
21.05.2018 7:52:42  Карт на игровом поле после добавления карты 2 на уровне интерфейса
21.05.2018 7:52:47  Пользователь отпустил событие c номером 3 массового урона
21.05.2018 7:52:47  Отправлено серверу
21.05.2018 7:52:47  Текущее количство энергии у игрока равно0
21.05.2018 7:52:47  Сервер ответил, что игрок использовал событие массвого урона c номером в руке 2 и уроном 1
21.05.2018 7:52:47  Очки прочности у атакуемой карты 0 Боксер до атаки 4
21.05.2018 7:52:47  Очки прочности у атакуемой карты 0 после атаки 3
21.05.2018 7:52:47  Карт на игровом поле противника 1
21.05.2018 7:52:47  Карт на игровом поле противника 1 после массовой атаки на уровне интерфейса
21.05.2018 7:52:50  Отправлен запрос на атаку картой пользователя
21.05.2018 7:52:50  Сервер ответил, что пользователь атаковал
21.05.2018 7:52:50  Штаб атаковал штаб. Урон по врагу 2 Урон от врага 2
21.05.2018 7:52:50  Прочность атакуещего 22 и обороняющегося 8 до атаки
21.05.2018 7:52:50  Прочность атакуещего 20 и обороняющегося 6 после атаки
21.05.2018 7:52:50  Карт на игровом атакующего 2 обороняющегося 1
21.05.2018 7:52:50  Карт на игровом поле игрока 2 противника 1 после атаки на уровне интерфейса
21.05.2018 7:52:52  Отправлен запрос на атаку картой 2 карты противника 0
21.05.2018 7:52:52  Сервер ответил, что пользователь атаковал
21.05.2018 7:52:52  Карта игрока атакует штаб. Урон по карте врага 4 Урон от врага по карте игрока Дуэлянт с номером 1  0
21.05.2018 7:52:52  Прочность атакуещего 2 и обороняющегося 6 до атаки
21.05.2018 7:52:52  Прочность атакуещего 2 и обороняющегося 2 после атаки
21.05.2018 7:52:52  Карт на игровом атакующего 2 обороняющегося 1
21.05.2018 7:52:52  Карт на игровом поле игрока 2 противника 1 после атаки на уровне интерфейса
21.05.2018 7:52:54  Отправлен запрос на атаку картой 1 карты противника 0
21.05.2018 7:52:54  Сервер ответил, что пользователь атаковал
21.05.2018 7:52:54  Карта игрока атакует штаб. Урон по карте врага 2 Урон от врага по карте игрока Рекрут с номером 0  0
21.05.2018 7:52:54  Прочность атакуещего 4 и обороняющегося 2 до атаки
21.05.2018 7:52:54  Прочность атакуещего 4 и обороняющегося 0 после атаки
21.05.2018 7:52:54  Карт на игровом атакующего 2 обороняющегося 1
21.05.2018 7:52:54  Карт на игровом поле игрока 2 противника 1 после атаки на уровне интерфейса
21.05.2018 7:52:55  Игра окончилась моей победой
21.05.2018 7:52:55  Освобожены все ресурсы SendAndRecMsg
21.05.2018 7:52:55  Освобождены все ресурсы Controler