
21.05.2018 7:48:48  Отправлено сообщение о начале игровй сессии
21.05.2018 7:48:48  Игрок  имеет в колоде карты: 1 2 4 3 5 6 8 7 10 9 11 12 14 13 16 
21.05.2018 7:48:48  Игрок  имеет в колоде карты: 18 17 15 16 14 13 11 12 10 9 7 8 6 5 4 
21.05.2018 7:48:48  Получены колоды от обоих игроков
21.05.2018 7:48:48  Получено имя пользователя Ilya
21.05.2018 7:48:48  Получено имя пользователя map82_top
21.05.2018 7:48:48  Получены ники игроков
21.05.2018 7:48:48  Игра Ilya против map82_top
21.05.2018 7:48:48  Первым ходит Ilya
21.05.2018 7:48:48  Игроку Ilya добавлена карта с id 10
21.05.2018 7:48:48  Игроку map82_top добавлена карта с id 10
21.05.2018 7:48:48  Игроку Ilya добавлена карта с id 3
21.05.2018 7:48:49  Игроку map82_top добавлена карта с id 16
21.05.2018 7:48:49  Игроку Ilya добавлена карта с id 11
21.05.2018 7:48:49  Игроку map82_top добавлена карта с id 7
21.05.2018 7:48:49  Игроку Ilya добавлена карта с id 14
21.05.2018 7:48:49  Игроку map82_top добавлена карта с id 6
21.05.2018 7:48:49  Игроку Ilya добавлена карта с id 5
21.05.2018 7:48:49  Игроку map82_top добавлена карта с id 14
21.05.2018 7:48:49  Игроку Ilya добавлена карта с id 1
21.05.2018 7:48:49  Игроку map82_top добавлена карта с id 18
21.05.2018 7:48:49  Игроку Ilya добавлена карта с id 9
21.05.2018 7:48:49  Игроку map82_top обновлена энргия до 1
21.05.2018 7:48:49  Игроку Ilya обновлена энргия до 1
21.05.2018 7:48:49  Игроки получили всю информацию для начал игры
21.05.2018 7:50:18  Игрок Ilya завершил свой ход
21.05.2018 7:50:18  Начался ход игрока map82_top
21.05.2018 7:50:18  Игроку map82_top добавлена карта с id 15
21.05.2018 7:50:29  Игрок map82_top собирается использовать событие восстановления c номером в руке 2 восстанавливая карту c номером 0
21.05.2018 7:50:29  
21.05.2018 7:50:29  Игрок map82_top использоваел карту восстановления штаба на -1 очков. Прочность штаба 29
21.05.2018 7:50:32  Игрок map82_top собирается атаковать штабом 
21.05.2018 7:50:32  map82_top атакует штаб Ilya нанося 2 урона. штаб атакуемого имеет прочность 26
21.05.2018 7:50:32  Ilya ответчает на атаку штабом map82_top нанося 2 урона. штаб атакующего имеет прочность 27
21.05.2018 7:50:32  Количества карт после атаки на поле map82_top равно 0
21.05.2018 7:50:32  Количества карт после атаки на поле Ilya равно 0
21.05.2018 7:50:33  Игрок map82_top завершил свой ход
21.05.2018 7:50:33  Начался ход игрока Ilya
21.05.2018 7:50:33  Игроку Ilya добавлена карта с id 3
21.05.2018 7:50:35  Игрок Ilya собирается добавить карту B1 с номером в руках у игрока 7 на игровое поле
21.05.2018 7:50:35  Карта добавлена на игровое поле игрока Ilya
21.05.2018 7:50:35  Карт на игровом поле игрока Ilya 2
21.05.2018 7:50:36  Игрок Ilya собирается атаковать картой B1 с номером на поле 2 
21.05.2018 7:50:36  Ilya атакует штаб map82_top нанося 1 урона. штаб атакуемого имеет прочность 26
21.05.2018 7:50:36  map82_top ответчает на атаку карты Ilya нанося 2 урона. карта B1 на поле атакуещего имеет прочность -1 и номер 2
21.05.2018 7:50:36  Карта B1 удалена
21.05.2018 7:50:36  Количества карт после атаки на поле Ilya равно 1
21.05.2018 7:50:36  Количества карт после атаки на поле map82_top равно 0
21.05.2018 7:50:38  Игрок Ilya собирается атаковать картой B1 с номером на поле 1 
21.05.2018 7:50:38  Ilya атакует штаб map82_top нанося 1 урона. штаб атакуемого имеет прочность 25
21.05.2018 7:50:38  Количества карт после атаки на поле Ilya равно 1
21.05.2018 7:50:38  Количества карт после атаки на поле map82_top равно 0
21.05.2018 7:50:40  Игрок Ilya собирается атаковать штабом 
21.05.2018 7:50:40  Ilya атакует штаб map82_top нанося 2 урона. штаб атакуемого имеет прочность 23
21.05.2018 7:50:40  Количества карт после атаки на поле Ilya равно 1
21.05.2018 7:50:40  Количества карт после атаки на поле map82_top равно 0
21.05.2018 7:50:42  Игрок Ilya завершил свой ход
21.05.2018 7:50:42  Начался ход игрока map82_top
21.05.2018 7:50:42  Игроку map82_top добавлена карта с id 16
21.05.2018 7:50:49  Игрок map82_top собирается атаковать штабом 
21.05.2018 7:50:49  Ilya ответчает на атаку штабомmap82_top нанося 1 урона. штаб атакующего имеет прочность 22
21.05.2018 7:50:49  map82_top атакует карту Ilya нанося 2 урона. карта B1 на поле атакуемого имеет прочность -1 и номер 1
21.05.2018 7:50:49  Карта B1 удалена
21.05.2018 7:50:49  Количества карт после атаки на поле map82_top равно 0
21.05.2018 7:50:49  Количества карт после атаки на поле Ilya равно 0
21.05.2018 7:50:51  Игрок map82_top завершил свой ход
21.05.2018 7:50:51  Начался ход игрока Ilya
21.05.2018 7:50:51  Игроку Ilya добавлена карта с id 9
21.05.2018 7:50:58  Игрок Ilya собирается использовать событие нанесния точечного урона c номером в руке 5 атакуя карту c номером 0
21.05.2018 7:50:58  Игрок Ilya использовал событие одиночного урона по штабу игрока map82_top
21.05.2018 7:50:58  Урон по штабу map82_top равен 3 Прочность штаба 19
21.05.2018 7:50:58  Количестов карт на поле игрока map82_top равно 0
21.05.2018 7:51:00  Игрок Ilya собирается атаковать штабом 
21.05.2018 7:51:00  Ilya атакует штаб map82_top нанося 2 урона. штаб атакуемого имеет прочность 17
21.05.2018 7:51:00  map82_top ответчает на атаку штабом Ilya нанося 2 урона. штаб атакующего имеет прочность 24
21.05.2018 7:51:00  Количества карт после атаки на поле Ilya равно 0
21.05.2018 7:51:00  Количества карт после атаки на поле map82_top равно 0
21.05.2018 7:51:03  Игрок Ilya завершил свой ход
21.05.2018 7:51:03  Начался ход игрока map82_top
21.05.2018 7:51:03  Игроку map82_top добавлена карта с id 17
21.05.2018 7:51:16  Игрок map82_top собирается использовать событие восстановления c номером в руке 7 восстанавливая карту c номером 0
21.05.2018 7:51:16  
21.05.2018 7:51:16  Игрок map82_top использоваел карту восстановления штаба на -6 очков. Прочность штаба 23
21.05.2018 7:51:18  Игрок map82_top собирается атаковать штабом 
21.05.2018 7:51:18  map82_top атакует штаб Ilya нанося 2 урона. штаб атакуемого имеет прочность 22
21.05.2018 7:51:18  Ilya ответчает на атаку штабом map82_top нанося 2 урона. штаб атакующего имеет прочность 21
21.05.2018 7:51:19  Количества карт после атаки на поле map82_top равно 0
21.05.2018 7:51:19  Количества карт после атаки на поле Ilya равно 0
21.05.2018 7:51:20  Игрок map82_top завершил свой ход
21.05.2018 7:51:20  Начался ход игрока Ilya
21.05.2018 7:51:20  Игроку Ilya добавлена карта с id 14
21.05.2018 7:51:31  Игрок Ilya собирается добавить карту B1 с номером в руках у игрока 7 на игровое поле
21.05.2018 7:51:31  Карта добавлена на игровое поле игрока Ilya
21.05.2018 7:51:31  Карт на игровом поле игрока Ilya 2
21.05.2018 7:51:33  Игрок Ilya собирается добавить карту Рекрут с номером в руках у игрока 5 на игровое поле
21.05.2018 7:51:33  Карта добавлена на игровое поле игрока Ilya
21.05.2018 7:51:33  Карт на игровом поле игрока Ilya 3
21.05.2018 7:51:34  Игрок Ilya собирается атаковать картой B1 с номером на поле 2 
21.05.2018 7:51:34  Ilya атакует штаб map82_top нанося 1 урона. штаб атакуемого имеет прочность 20
21.05.2018 7:51:34  map82_top ответчает на атаку карты Ilya нанося 2 урона. карта B1 на поле атакуещего имеет прочность -1 и номер 2
21.05.2018 7:51:34  Карта B1 удалена
21.05.2018 7:51:34  Количества карт после атаки на поле Ilya равно 2
21.05.2018 7:51:34  Количества карт после атаки на поле map82_top равно 0
21.05.2018 7:51:36  Игрок Ilya собирается атаковать картой B1 с номером на поле 1 
21.05.2018 7:51:36  Ilya атакует штаб map82_top нанося 1 урона. штаб атакуемого имеет прочность 19
21.05.2018 7:51:36  Количества карт после атаки на поле Ilya равно 2
21.05.2018 7:51:36  Количества карт после атаки на поле map82_top равно 0
21.05.2018 7:51:38  Игрок Ilya собирается атаковать картой Рекрут с номером на поле 2 
21.05.2018 7:51:38  Ilya атакует штаб map82_top нанося 2 урона. штаб атакуемого имеет прочность 17
21.05.2018 7:51:38  Количества карт после атаки на поле Ilya равно 2
21.05.2018 7:51:38  Количества карт после атаки на поле map82_top равно 0
21.05.2018 7:51:40  Игрок Ilya собирается атаковать штабом 
21.05.2018 7:51:40  Ilya атакует штаб map82_top нанося 2 урона. штаб атакуемого имеет прочность 15
21.05.2018 7:51:40  Количества карт после атаки на поле Ilya равно 2
21.05.2018 7:51:40  Количества карт после атаки на поле map82_top равно 0
21.05.2018 7:51:41  Игрок Ilya завершил свой ход
21.05.2018 7:51:41  Начался ход игрока map82_top
21.05.2018 7:51:41  Игроку map82_top добавлена карта с id 4
21.05.2018 7:51:47  Игрок map82_top собирается использовать событие нанесния точечного урона c номером в руке 8 атакуя карту c номером 1
21.05.2018 7:51:47  Игрок map82_top использовал событие одиночного урона по карте игрока Ilya
21.05.2018 7:51:47  Урон по карте Ilya равен 1 Прочность карты B1 c номером 1 0
21.05.2018 7:51:47  Карта B1 удалена
21.05.2018 7:51:47  Количестов карт на поле игрока Ilya равно 1
21.05.2018 7:51:58  Игрок map82_top собирается использовать событие массового урона c номером в руке 4
21.05.2018 7:51:58  Игрок map82_top использовал событие массового урона по игроку map82_top
21.05.2018 7:51:58  Прочность карты Рекрут c номером на поле 1 равна 4
21.05.2018 7:51:58  Карт в колоде игрока Ilya равно 1
21.05.2018 7:52:01  Игрок map82_top завершил свой ход
21.05.2018 7:52:01  Начался ход игрока Ilya
21.05.2018 7:52:01  Игроку Ilya добавлена карта с id 13
21.05.2018 7:52:08  Игрок Ilya собирается добавить карту Ветеран с номером в руках у игрока 2 на игровое поле
21.05.2018 7:52:08  Карта добавлена на игровое поле игрока Ilya
21.05.2018 7:52:08  Карт на игровом поле игрока Ilya 2
21.05.2018 7:52:11  Игрок Ilya собирается атаковать картой Ветеран с номером на поле 2 
21.05.2018 7:52:11  Ilya атакует штаб map82_top нанося 2 урона. штаб атакуемого имеет прочность 13
21.05.2018 7:52:11  map82_top ответчает на атаку карты Ilya нанося 2 урона. карта Ветеран на поле атакуещего имеет прочность 3 и номер 2
21.05.2018 7:52:11  Количества карт после атаки на поле Ilya равно 2
21.05.2018 7:52:11  Количества карт после атаки на поле map82_top равно 0
21.05.2018 7:52:13  Игрок Ilya собирается атаковать картой Рекрут с номером на поле 1 
21.05.2018 7:52:13  Ilya атакует штаб map82_top нанося 3 урона. штаб атакуемого имеет прочность 10
21.05.2018 7:52:13  Количества карт после атаки на поле Ilya равно 2
21.05.2018 7:52:13  Количества карт после атаки на поле map82_top равно 0
21.05.2018 7:52:15  Игрок Ilya собирается атаковать штабом 
21.05.2018 7:52:15  Ilya атакует штаб map82_top нанося 2 урона. штаб атакуемого имеет прочность 8
21.05.2018 7:52:15  Количества карт после атаки на поле Ilya равно 2
21.05.2018 7:52:15  Количества карт после атаки на поле map82_top равно 0
21.05.2018 7:52:17  Игрок Ilya завершил свой ход
21.05.2018 7:52:17  Начался ход игрока map82_top
21.05.2018 7:52:17  Игроку map82_top добавлена карта с id 16
21.05.2018 7:52:25  Игрок map82_top собирается добавить карту Боксер с номером в руках у игрока 1 на игровое поле
21.05.2018 7:52:25  Карта добавлена на игровое поле игрока map82_top
21.05.2018 7:52:25  Карт на игровом поле игрока map82_top 1
21.05.2018 7:52:30  Игрок map82_top собирается атаковать картой Боксер с номером на поле 1 
21.05.2018 7:52:30  Ilya ответчает на атаку карты map82_top нанося 2 урона. карта Боксер на поле атакуещего имеет прочность 4 и номер 1
21.05.2018 7:52:30  map82_top атакует карту Ilya нанося 2 урона. карта Ветеран на поле атакуемого имеет прочность 1 и номер 2
21.05.2018 7:52:30  Количества карт после атаки на поле map82_top равно 1
21.05.2018 7:52:30  Количества карт после атаки на поле Ilya равно 2
21.05.2018 7:52:32  Игрок map82_top собирается атаковать штабом 
21.05.2018 7:52:32  map82_top атакует карту Ilya нанося 2 урона. карта Ветеран на поле атакуемого имеет прочность -1 и номер 2
21.05.2018 7:52:32  Карта Ветеран удалена
21.05.2018 7:52:32  Количества карт после атаки на поле map82_top равно 1
21.05.2018 7:52:32  Количества карт после атаки на поле Ilya равно 1
21.05.2018 7:52:36  Игрок map82_top завершил свой ход
21.05.2018 7:52:36  Начался ход игрока Ilya
21.05.2018 7:52:36  Игроку Ilya добавлена карта с id 2
21.05.2018 7:52:41  Игрок Ilya собирается добавить карту Дуэлянт с номером в руках у игрока 7 на игровое поле
21.05.2018 7:52:42  Карта добавлена на игровое поле игрока Ilya
21.05.2018 7:52:42  Карт на игровом поле игрока Ilya 2
21.05.2018 7:52:47  Игрок Ilya собирается использовать событие массового урона c номером в руке 3
21.05.2018 7:52:47  Игрок Ilya использовал событие массового урона по игроку map82_top
21.05.2018 7:52:47  Прочность карты Боксер c номером на поле 1 равна 3
21.05.2018 7:52:47  Карт в колоде игрока map82_top равно 1
21.05.2018 7:52:50  Игрок Ilya собирается атаковать штабом 
21.05.2018 7:52:50  Ilya атакует штаб map82_top нанося 2 урона. штаб атакуемого имеет прочность 6
21.05.2018 7:52:50  map82_top ответчает на атаку штабом Ilya нанося 2 урона. штаб атакующего имеет прочность 20
21.05.2018 7:52:50  Количества карт после атаки на поле Ilya равно 2
21.05.2018 7:52:50  Количества карт после атаки на поле map82_top равно 1
21.05.2018 7:52:52  Игрок Ilya собирается атаковать картой Дуэлянт с номером на поле 2 
21.05.2018 7:52:52  Ilya атакует штаб map82_top нанося 4 урона. штаб атакуемого имеет прочность 2
21.05.2018 7:52:52  Количества карт после атаки на поле Ilya равно 2
21.05.2018 7:52:52  Количества карт после атаки на поле map82_top равно 1
21.05.2018 7:52:54  Игрок Ilya собирается атаковать картой Рекрут с номером на поле 1 
21.05.2018 7:52:54  Ilya атакует штаб map82_top нанося 2 урона. штаб атакуемого имеет прочность 0
21.05.2018 7:52:54  Количества карт после атаки на поле Ilya равно 2
21.05.2018 7:52:54  Количества карт после атаки на поле map82_top равно 1
21.05.2018 7:52:54  Игрок Ilya победил
21.05.2018 7:52:54  Класс игрока Ilya освободил все ресурсы
21.05.2018 7:52:54  Класс игрока map82_top освободил все ресурсы
21.05.2018 7:52:54  Класс игровой сессии освободил все ресурсы